H:\PROGRAMMING\HDOJ\HD_FATMOUSE1009\HD_FATMOUSE1009\DEBUG\MAIN.OBJ
H:\PROGRAMMING\HDOJ\HD_FATMOUSE1009\HD_FATMOUSE1009\DEBUG\VC110.PDB
H:\PROGRAMMING\HDOJ\HD_FATMOUSE1009\DEBUG\HD_FATMOUSE1009.ILK
H:\PROGRAMMING\HDOJ\HD_FATMOUSE1009\DEBUG\HD_FATMOUSE1009.EXE
H:\PROGRAMMING\HDOJ\HD_FATMOUSE1009\DEBUG\HD_FATMOUSE1009.PDB
H:\Programming\HDoj\HD_fatmouse1009\HD_fatmouse1009\Debug\main.obj
H:\Programming\HDoj\HD_fatmouse1009\HD_fatmouse1009\Debug\cl.command.1.tlog
H:\Programming\HDoj\HD_fatmouse1009\HD_fatmouse1009\Debug\CL.read.1.tlog
H:\Programming\HDoj\HD_fatmouse1009\HD_fatmouse1009\Debug\CL.write.1.tlog
H:\Programming\HDoj\HD_fatmouse1009\HD_fatmouse1009\Debug\link-cvtres.read.1.tlog
H:\Programming\HDoj\HD_fatmouse1009\HD_fatmouse1009\Debug\link-cvtres.write.1.tlog
H:\Programming\HDoj\HD_fatmouse1009\HD_fatmouse1009\Debug\link-rc.read.1.tlog
H:\Programming\HDoj\HD_fatmouse1009\HD_fatmouse1009\Debug\link-rc.write.1.tlog
H:\Programming\HDoj\HD_fatmouse1009\HD_fatmouse1009\Debug\link.command.1.tlog
H:\Programming\HDoj\HD_fatmouse1009\HD_fatmouse1009\Debug\link.read.1.tlog
H:\Programming\HDoj\HD_fatmouse1009\HD_fatmouse1009\Debug\link.write.1.tlog
H:\Programming\HDoj\HD_fatmouse1009\HD_fatmouse1009\Debug\vc110.idb
H:\Programming\HDoj\HD_fatmouse1009\HD_fatmouse1009\Debug\vc110.pdb
H:\Programming\HDoj\HD_fatmouse1009\Debug\HD_fatmouse1009.pdb
H:\Programming\HDoj\HD_fatmouse1009\Debug\HD_fatmouse1009.exe
H:\Programming\HDoj\HD_fatmouse1009\Debug\HD_fatmouse1009.ilk
